c:\users\gc\documents\visual studio 2015\projects\cselectclient\debug\cselectclient.pch
c:\users\gc\documents\visual studio 2015\projects\cselectclient\debug\vc140.pdb
c:\users\gc\documents\visual studio 2015\projects\cselectclient\debug\vc140.idb
c:\users\gc\documents\visual studio 2015\projects\cselectclient\debug\stdafx.obj
c:\users\gc\documents\visual studio 2015\projects\cselectclient\debug\client.obj
c:\users\gc\documents\visual studio 2015\projects\cselectclient\debug\selectthread.obj
c:\users\gc\documents\visual studio 2015\projects\cselectclient\debug\cselectclient.obj
c:\users\gc\documents\visual studio 2015\projects\cselectclient\debug\messagequeue.obj
c:\users\gc\documents\visual studio 2015\projects\cselectclient\debug\recvqueue.obj
c:\users\gc\documents\visual studio 2015\projects\cselectclient\debug\sendqueue.obj
c:\users\gc\documents\visual studio 2015\projects\cselectclient\debug\cselectclient.ilk
c:\users\gc\documents\visual studio 2015\projects\cselectclient\debug\cselectclient.exe
c:\users\gc\documents\visual studio 2015\projects\cselectclient\debug\cselectclient.pdb
c:\users\gc\documents\visual studio 2015\projects\cselectclient\debug\cselectclient.vcxprojresolveassemblyreference.cache
c:\users\gc\documents\visual studio 2015\projects\cselectclient\debug\packets.obj
c:\users\gc\documents\visual studio 2015\projects\cselectclient\debug\common.pdb
c:\users\gc\documents\visual studio 2015\projects\cselectclient\debug\cselectclient.tlog\cl.command.1.tlog
c:\users\gc\documents\visual studio 2015\projects\cselectclient\debug\cselectclient.tlog\cl.read.1.tlog
c:\users\gc\documents\visual studio 2015\projects\cselectclient\debug\cselectclient.tlog\cl.write.1.tlog
c:\users\gc\documents\visual studio 2015\projects\cselectclient\debug\cselectclient.tlog\link.command.1.tlog
c:\users\gc\documents\visual studio 2015\projects\cselectclient\debug\cselectclient.tlog\link.read.1.tlog
c:\users\gc\documents\visual studio 2015\projects\cselectclient\debug\cselectclient.tlog\link.write.1.tlog
